密码错误
stack traceback:
	[string "core/global"]:81: in function 'printerror'
	[string "net/netlogin"]:192: in function <[string "net/netlogin"]:12>
	[C]: in function 'xxpcall'
	[string "net/CNetCtrl"]:358: in function 'ProtoCall'
	[string "net/CNetCtrl"]:330: in function 'ProcessProto'
	[string "net/CNetCtrl"]:253: in function 'ProtoHandlerCheck'
	[string "net/CNetCtrl"]:276: in function 'DoReceive'
	[string "net/CNetCtrl"]:261: in function 'cb'
	[string "net/CNetCtrl"]:267: in function 'Receive'
	[string "net/CNetCtrl"]:199: in function 'm_Callback'
	[string "net/CTcpClient"]:43: in function <[string "net/CTcpClient"]:37>
UnityEngine.Debug:LogError(Object)
GameDebug:LogError(String, String) (at Assets/Standard Assets/GameFramework/Helper/GameDebug.cs:142)
UtilsWrap:LogError(IntPtr) (at Assets/Scripts/Lib/UtilsWrap.cs:558)
LuaInterface.LuaDLL:lua_pcall(IntPtr, Int32, Int32, Int32)
LuaInterface.LuaStatePtr:LuaPCall(Int32, Int32, Int32) (at Assets/Standard Assets/ToLua/Core/LuaStatePtr.cs:311)
LuaInterface.LuaState:PCall(Int32, Int32) (at Assets/Standard Assets/ToLua/Core/LuaState.cs:649)
LuaInterface.LuaFunction:PCall() (at Assets/Standard Assets/ToLua/Core/LuaFunction.cs:96)
TcpClient:Update() (at Assets/Scripts/Net/Tcp/TcpClient.cs:87)
NetworkManager:CallUpdate() (at Assets/Scripts/Net/NetworkManager.cs:57)
LuaMain:Update() (at Assets/Scripts/LuaMain.cs:104)


密码错误
stack traceback:
	[string "core/global"]:81: in function 'printerror'
	[string "net/netlogin"]:192: in function <[string "net/netlogin"]:12>
	[C]: in function 'xxpcall'
	[string "net/CNetCtrl"]:358: in function 'ProtoCall'
	[string "net/CNetCtrl"]:330: in function 'ProcessProto'
	[string "net/CNetCtrl"]:253: in function 'ProtoHandlerCheck'
	[string "net/CNetCtrl"]:276: in function 'DoReceive'
	[string "net/CNetCtrl"]:261: in function 'cb'
	[string "net/CNetCtrl"]:267: in function 'Receive'
	[string "net/CNetCtrl"]:199: in function 'm_Callback'
	[string "net/CTcpClient"]:43: in function <[string "net/CTcpClient"]:37>

没有账号
stack traceback:
	[string "core/global"]:81: in function 'printerror'
	[string "net/netlogin"]:188: in function <[string "net/netlogin"]:12>
	[C]: in function 'xxpcall'
	[string "net/CNetCtrl"]:358: in function 'ProtoCall'
	[string "net/CNetCtrl"]:330: in function 'ProcessProto'
	[string "net/CNetCtrl"]:253: in function 'ProtoHandlerCheck'
	[string "net/CNetCtrl"]:276: in function 'DoReceive'
	[string "net/CNetCtrl"]:261: in function 'cb'
	[string "net/CNetCtrl"]:267: in function 'Receive'
	[string "net/CNetCtrl"]:199: in function 'm_Callback'
	[string "net/CTcpClient"]:43: in function <[string "net/CTcpClient"]:37>
UnityEngine.Debug:LogError(Object)
GameDebug:LogError(String, String) (at Assets/Standard Assets/GameFramework/Helper/GameDebug.cs:142)
UtilsWrap:LogError(IntPtr) (at Assets/Scripts/Lib/UtilsWrap.cs:558)
LuaInterface.LuaDLL:lua_pcall(IntPtr, Int32, Int32, Int32)
LuaInterface.LuaStatePtr:LuaPCall(Int32, Int32, Int32) (at Assets/Standard Assets/ToLua/Core/LuaStatePtr.cs:311)
LuaInterface.LuaState:PCall(Int32, Int32) (at Assets/Standard Assets/ToLua/Core/LuaState.cs:649)
LuaInterface.LuaFunction:PCall() (at Assets/Standard Assets/ToLua/Core/LuaFunction.cs:96)
TcpClient:Update() (at Assets/Scripts/Net/Tcp/TcpClient.cs:87)
NetworkManager:CallUpdate() (at Assets/Scripts/Net/NetworkManager.cs:57)
LuaMain:Update() (at Assets/Scripts/LuaMain.cs:104)


没有账号
stack traceback:
	[string "core/global"]:81: in function 'printerror'
	[string "net/netlogin"]:188: in function <[string "net/netlogin"]:12>
	[C]: in function 'xxpcall'
	[string "net/CNetCtrl"]:358: in function 'ProtoCall'
	[string "net/CNetCtrl"]:330: in function 'ProcessProto'
	[string "net/CNetCtrl"]:253: in function 'ProtoHandlerCheck'
	[string "net/CNetCtrl"]:276: in function 'DoReceive'
	[string "net/CNetCtrl"]:261: in function 'cb'
	[string "net/CNetCtrl"]:267: in function 'Receive'
	[string "net/CNetCtrl"]:199: in function 'm_Callback'
	[string "net/CTcpClient"]:43: in function <[string "net/CTcpClient"]:37>

密码错误
stack traceback:
	[string "core/global"]:81: in function 'printerror'
	[string "net/netlogin"]:192: in function <[string "net/netlogin"]:12>
	[C]: in function 'xxpcall'
	[string "net/CNetCtrl"]:358: in function 'ProtoCall'
	[string "net/CNetCtrl"]:330: in function 'ProcessProto'
	[string "net/CNetCtrl"]:253: in function 'ProtoHandlerCheck'
	[string "net/CNetCtrl"]:276: in function 'DoReceive'
	[string "net/CNetCtrl"]:261: in function 'cb'
	[string "net/CNetCtrl"]:267: in function 'Receive'
	[string "net/CNetCtrl"]:199: in function 'm_Callback'
	[string "net/CTcpClient"]:43: in function <[string "net/CTcpClient"]:37>
UnityEngine.Debug:LogError(Object)
GameDebug:LogError(String, String) (at Assets/Standard Assets/GameFramework/Helper/GameDebug.cs:142)
UtilsWrap:LogError(IntPtr) (at Assets/Scripts/Lib/UtilsWrap.cs:558)
LuaInterface.LuaDLL:lua_pcall(IntPtr, Int32, Int32, Int32)
LuaInterface.LuaStatePtr:LuaPCall(Int32, Int32, Int32) (at Assets/Standard Assets/ToLua/Core/LuaStatePtr.cs:311)
LuaInterface.LuaState:PCall(Int32, Int32) (at Assets/Standard Assets/ToLua/Core/LuaState.cs:649)
LuaInterface.LuaFunction:PCall() (at Assets/Standard Assets/ToLua/Core/LuaFunction.cs:96)
TcpClient:Update() (at Assets/Scripts/Net/Tcp/TcpClient.cs:87)
NetworkManager:CallUpdate() (at Assets/Scripts/Net/NetworkManager.cs:57)
LuaMain:Update() (at Assets/Scripts/LuaMain.cs:104)


密码错误
stack traceback:
	[string "core/global"]:81: in function 'printerror'
	[string "net/netlogin"]:192: in function <[string "net/netlogin"]:12>
	[C]: in function 'xxpcall'
	[string "net/CNetCtrl"]:358: in function 'ProtoCall'
	[string "net/CNetCtrl"]:330: in function 'ProcessProto'
	[string "net/CNetCtrl"]:253: in function 'ProtoHandlerCheck'
	[string "net/CNetCtrl"]:276: in function 'DoReceive'
	[string "net/CNetCtrl"]:261: in function 'cb'
	[string "net/CNetCtrl"]:267: in function 'Receive'
	[string "net/CNetCtrl"]:199: in function 'm_Callback'
	[string "net/CTcpClient"]:43: in function <[string "net/CTcpClient"]:37>

密码错误
stack traceback:
	[string "core/global"]:81: in function 'printerror'
	[string "net/netlogin"]:192: in function <[string "net/netlogin"]:12>
	[C]: in function 'xxpcall'
	[string "net/CNetCtrl"]:358: in function 'ProtoCall'
	[string "net/CNetCtrl"]:330: in function 'ProcessProto'
	[string "net/CNetCtrl"]:253: in function 'ProtoHandlerCheck'
	[string "net/CNetCtrl"]:276: in function 'DoReceive'
	[string "net/CNetCtrl"]:261: in function 'cb'
	[string "net/CNetCtrl"]:267: in function 'Receive'
	[string "net/CNetCtrl"]:199: in function 'm_Callback'
	[string "net/CTcpClient"]:43: in function <[string "net/CTcpClient"]:37>
UnityEngine.Debug:LogError(Object)
GameDebug:LogError(String, String) (at Assets/Standard Assets/GameFramework/Helper/GameDebug.cs:142)
UtilsWrap:LogError(IntPtr) (at Assets/Scripts/Lib/UtilsWrap.cs:558)
LuaInterface.LuaDLL:lua_pcall(IntPtr, Int32, Int32, Int32)
LuaInterface.LuaStatePtr:LuaPCall(Int32, Int32, Int32) (at Assets/Standard Assets/ToLua/Core/LuaStatePtr.cs:311)
LuaInterface.LuaState:PCall(Int32, Int32) (at Assets/Standard Assets/ToLua/Core/LuaState.cs:649)
LuaInterface.LuaFunction:PCall() (at Assets/Standard Assets/ToLua/Core/LuaFunction.cs:96)
TcpClient:Update() (at Assets/Scripts/Net/Tcp/TcpClient.cs:87)
NetworkManager:CallUpdate() (at Assets/Scripts/Net/NetworkManager.cs:57)
LuaMain:Update() (at Assets/Scripts/LuaMain.cs:104)


密码错误
stack traceback:
	[string "core/global"]:81: in function 'printerror'
	[string "net/netlogin"]:192: in function <[string "net/netlogin"]:12>
	[C]: in function 'xxpcall'
	[string "net/CNetCtrl"]:358: in function 'ProtoCall'
	[string "net/CNetCtrl"]:330: in function 'ProcessProto'
	[string "net/CNetCtrl"]:253: in function 'ProtoHandlerCheck'
	[string "net/CNetCtrl"]:276: in function 'DoReceive'
	[string "net/CNetCtrl"]:261: in function 'cb'
	[string "net/CNetCtrl"]:267: in function 'Receive'
	[string "net/CNetCtrl"]:199: in function 'm_Callback'
	[string "net/CTcpClient"]:43: in function <[string "net/CTcpClient"]:37>

密码错误
stack traceback:
	[string "core/global"]:81: in function 'printerror'
	[string "net/netlogin"]:192: in function <[string "net/netlogin"]:12>
	[C]: in function 'xxpcall'
	[string "net/CNetCtrl"]:358: in function 'ProtoCall'
	[string "net/CNetCtrl"]:330: in function 'ProcessProto'
	[string "net/CNetCtrl"]:253: in function 'ProtoHandlerCheck'
	[string "net/CNetCtrl"]:276: in function 'DoReceive'
	[string "net/CNetCtrl"]:261: in function 'cb'
	[string "net/CNetCtrl"]:267: in function 'Receive'
	[string "net/CNetCtrl"]:199: in function 'm_Callback'
	[string "net/CTcpClient"]:43: in function <[string "net/CTcpClient"]:37>
UnityEngine.Debug:LogError(Object)
GameDebug:LogError(String, String) (at Assets/Standard Assets/GameFramework/Helper/GameDebug.cs:142)
UtilsWrap:LogError(IntPtr) (at Assets/Scripts/Lib/UtilsWrap.cs:558)
LuaInterface.LuaDLL:lua_pcall(IntPtr, Int32, Int32, Int32)
LuaInterface.LuaStatePtr:LuaPCall(Int32, Int32, Int32) (at Assets/Standard Assets/ToLua/Core/LuaStatePtr.cs:311)
LuaInterface.LuaState:PCall(Int32, Int32) (at Assets/Standard Assets/ToLua/Core/LuaState.cs:649)
LuaInterface.LuaFunction:PCall() (at Assets/Standard Assets/ToLua/Core/LuaFunction.cs:96)
TcpClient:Update() (at Assets/Scripts/Net/Tcp/TcpClient.cs:87)
NetworkManager:CallUpdate() (at Assets/Scripts/Net/NetworkManager.cs:57)
LuaMain:Update() (at Assets/Scripts/LuaMain.cs:104)


密码错误
stack traceback:
	[string "core/global"]:81: in function 'printerror'
	[string "net/netlogin"]:192: in function <[string "net/netlogin"]:12>
	[C]: in function 'xxpcall'
	[string "net/CNetCtrl"]:358: in function 'ProtoCall'
	[string "net/CNetCtrl"]:330: in function 'ProcessProto'
	[string "net/CNetCtrl"]:253: in function 'ProtoHandlerCheck'
	[string "net/CNetCtrl"]:276: in function 'DoReceive'
	[string "net/CNetCtrl"]:261: in function 'cb'
	[string "net/CNetCtrl"]:267: in function 'Receive'
	[string "net/CNetCtrl"]:199: in function 'm_Callback'
	[string "net/CTcpClient"]:43: in function <[string "net/CTcpClient"]:37>

密码错误
stack traceback:
	[string "core/global"]:81: in function 'printerror'
	[string "net/netlogin"]:192: in function <[string "net/netlogin"]:12>
	[C]: in function 'xxpcall'
	[string "net/CNetCtrl"]:358: in function 'ProtoCall'
	[string "net/CNetCtrl"]:330: in function 'ProcessProto'
	[string "net/CNetCtrl"]:253: in function 'ProtoHandlerCheck'
	[string "net/CNetCtrl"]:276: in function 'DoReceive'
	[string "net/CNetCtrl"]:261: in function 'cb'
	[string "net/CNetCtrl"]:267: in function 'Receive'
	[string "net/CNetCtrl"]:199: in function 'm_Callback'
	[string "net/CTcpClient"]:43: in function <[string "net/CTcpClient"]:37>
UnityEngine.Debug:LogError(Object)
GameDebug:LogError(String, String) (at Assets/Standard Assets/GameFramework/Helper/GameDebug.cs:142)
UtilsWrap:LogError(IntPtr) (at Assets/Scripts/Lib/UtilsWrap.cs:558)
LuaInterface.LuaDLL:lua_pcall(IntPtr, Int32, Int32, Int32)
LuaInterface.LuaStatePtr:LuaPCall(Int32, Int32, Int32) (at Assets/Standard Assets/ToLua/Core/LuaStatePtr.cs:311)
LuaInterface.LuaState:PCall(Int32, Int32) (at Assets/Standard Assets/ToLua/Core/LuaState.cs:649)
LuaInterface.LuaFunction:PCall() (at Assets/Standard Assets/ToLua/Core/LuaFunction.cs:96)
TcpClient:Update() (at Assets/Scripts/Net/Tcp/TcpClient.cs:87)
NetworkManager:CallUpdate() (at Assets/Scripts/Net/NetworkManager.cs:57)
LuaMain:Update() (at Assets/Scripts/LuaMain.cs:104)


密码错误
stack traceback:
	[string "core/global"]:81: in function 'printerror'
	[string "net/netlogin"]:192: in function <[string "net/netlogin"]:12>
	[C]: in function 'xxpcall'
	[string "net/CNetCtrl"]:358: in function 'ProtoCall'
	[string "net/CNetCtrl"]:330: in function 'ProcessProto'
	[string "net/CNetCtrl"]:253: in function 'ProtoHandlerCheck'
	[string "net/CNetCtrl"]:276: in function 'DoReceive'
	[string "net/CNetCtrl"]:261: in function 'cb'
	[string "net/CNetCtrl"]:267: in function 'Receive'
	[string "net/CNetCtrl"]:199: in function 'm_Callback'
	[string "net/CTcpClient"]:43: in function <[string "net/CTcpClient"]:37>

密码错误
stack traceback:
	[string "core/global"]:81: in function 'printerror'
	[string "net/netlogin"]:192: in function <[string "net/netlogin"]:12>
	[C]: in function 'xxpcall'
	[string "net/CNetCtrl"]:358: in function 'ProtoCall'
	[string "net/CNetCtrl"]:330: in function 'ProcessProto'
	[string "net/CNetCtrl"]:253: in function 'ProtoHandlerCheck'
	[string "net/CNetCtrl"]:276: in function 'DoReceive'
	[string "net/CNetCtrl"]:261: in function 'cb'
	[string "net/CNetCtrl"]:267: in function 'Receive'
	[string "net/CNetCtrl"]:199: in function 'm_Callback'
	[string "net/CTcpClient"]:43: in function <[string "net/CTcpClient"]:37>
UnityEngine.Debug:LogError(Object)
GameDebug:LogError(String, String) (at Assets/Standard Assets/GameFramework/Helper/GameDebug.cs:142)
UtilsWrap:LogError(IntPtr) (at Assets/Scripts/Lib/UtilsWrap.cs:558)
LuaInterface.LuaDLL:lua_pcall(IntPtr, Int32, Int32, Int32)
LuaInterface.LuaStatePtr:LuaPCall(Int32, Int32, Int32) (at Assets/Standard Assets/ToLua/Core/LuaStatePtr.cs:311)
LuaInterface.LuaState:PCall(Int32, Int32) (at Assets/Standard Assets/ToLua/Core/LuaState.cs:649)
LuaInterface.LuaFunction:PCall() (at Assets/Standard Assets/ToLua/Core/LuaFunction.cs:96)
TcpClient:Update() (at Assets/Scripts/Net/Tcp/TcpClient.cs:87)
NetworkManager:CallUpdate() (at Assets/Scripts/Net/NetworkManager.cs:57)
LuaMain:Update() (at Assets/Scripts/LuaMain.cs:104)


密码错误
stack traceback:
	[string "core/global"]:81: in function 'printerror'
	[string "net/netlogin"]:192: in function <[string "net/netlogin"]:12>
	[C]: in function 'xxpcall'
	[string "net/CNetCtrl"]:358: in function 'ProtoCall'
	[string "net/CNetCtrl"]:330: in function 'ProcessProto'
	[string "net/CNetCtrl"]:253: in function 'ProtoHandlerCheck'
	[string "net/CNetCtrl"]:276: in function 'DoReceive'
	[string "net/CNetCtrl"]:261: in function 'cb'
	[string "net/CNetCtrl"]:267: in function 'Receive'
	[string "net/CNetCtrl"]:199: in function 'm_Callback'
	[string "net/CTcpClient"]:43: in function <[string "net/CTcpClient"]:37>

密码错误
stack traceback:
	[string "core/global"]:81: in function 'printerror'
	[string "net/netlogin"]:192: in function <[string "net/netlogin"]:12>
	[C]: in function 'xxpcall'
	[string "net/CNetCtrl"]:358: in function 'ProtoCall'
	[string "net/CNetCtrl"]:330: in function 'ProcessProto'
	[string "net/CNetCtrl"]:253: in function 'ProtoHandlerCheck'
	[string "net/CNetCtrl"]:276: in function 'DoReceive'
	[string "net/CNetCtrl"]:261: in function 'cb'
	[string "net/CNetCtrl"]:267: in function 'Receive'
	[string "net/CNetCtrl"]:199: in function 'm_Callback'
	[string "net/CTcpClient"]:43: in function <[string "net/CTcpClient"]:37>
UnityEngine.Debug:LogError(Object)
GameDebug:LogError(String, String) (at Assets/Standard Assets/GameFramework/Helper/GameDebug.cs:142)
UtilsWrap:LogError(IntPtr) (at Assets/Scripts/Lib/UtilsWrap.cs:558)
LuaInterface.LuaDLL:lua_pcall(IntPtr, Int32, Int32, Int32)
LuaInterface.LuaStatePtr:LuaPCall(Int32, Int32, Int32) (at Assets/Standard Assets/ToLua/Core/LuaStatePtr.cs:311)
LuaInterface.LuaState:PCall(Int32, Int32) (at Assets/Standard Assets/ToLua/Core/LuaState.cs:649)
LuaInterface.LuaFunction:PCall() (at Assets/Standard Assets/ToLua/Core/LuaFunction.cs:96)
TcpClient:Update() (at Assets/Scripts/Net/Tcp/TcpClient.cs:87)
NetworkManager:CallUpdate() (at Assets/Scripts/Net/NetworkManager.cs:57)
LuaMain:Update() (at Assets/Scripts/LuaMain.cs:104)


密码错误
stack traceback:
	[string "core/global"]:81: in function 'printerror'
	[string "net/netlogin"]:192: in function <[string "net/netlogin"]:12>
	[C]: in function 'xxpcall'
	[string "net/CNetCtrl"]:358: in function 'ProtoCall'
	[string "net/CNetCtrl"]:330: in function 'ProcessProto'
	[string "net/CNetCtrl"]:253: in function 'ProtoHandlerCheck'
	[string "net/CNetCtrl"]:276: in function 'DoReceive'
	[string "net/CNetCtrl"]:261: in function 'cb'
	[string "net/CNetCtrl"]:267: in function 'Receive'
	[string "net/CNetCtrl"]:199: in function 'm_Callback'
	[string "net/CTcpClient"]:43: in function <[string "net/CTcpClient"]:37>

Load Asset is null, assetPath = Assets/GameRes/Audio/Sound/Model/0
UnityEngine.Debug:LogError(Object)
GameDebug:LogError(String, String) (at Assets/Standard Assets/GameFramework/Helper/GameDebug.cs:142)
AssetPipeline.AssetManager:LoadAssetFromProject(String, Type) (at Assets/Standard Assets/GameFramework/AssetPipeline/AssetManager.cs:459)
AssetPipeline.AssetManager:LoadAsset(String, Type) (at Assets/Standard Assets/GameFramework/AssetPipeline/AssetManager.cs:445)
ResourceManager:Load(String) (at Assets/Scripts/Resource/ResourceManager.cs:69)
ResourceManagerWrap:Load(IntPtr) (at Assets/Scripts/Resource/ResourceManagerWrap.cs:66)
LuaInterface.LuaDLL:lua_pcall(IntPtr, Int32, Int32, Int32)
LuaInterface.LuaStatePtr:LuaPCall(Int32, Int32, Int32) (at Assets/Standard Assets/ToLua/Core/LuaStatePtr.cs:311)
LuaInterface.LuaState:PCall(Int32, Int32) (at Assets/Standard Assets/ToLua/Core/LuaState.cs:649)
LuaInterface.LuaFunction:PCall() (at Assets/Standard Assets/ToLua/Core/LuaFunction.cs:96)
<LoadAsync>c__AnonStorey0:<>m__0(Object) (at Assets/Scripts/Resource/ResourceManager.cs:95)
AssetPipeline.AssetHandler:Excute(Object) (at Assets/Standard Assets/GameFramework/AssetPipeline/AssetManager.cs:59)
AssetPipeline.<LoadAssetFromProjectAsync>c__Iterator2:MoveNext() (at Assets/Standard Assets/GameFramework/AssetPipeline/AssetManager.cs:730)
UnityEngine.SetupCoroutine:InvokeMoveNext(IEnumerator, IntPtr)


Load Asset is null, assetPath = Assets/GameRes/Audio/Sound/Model/0

Load Asset is null, assetPath = Assets/GameRes/Audio/Sound/Model/0
UnityEngine.Debug:LogError(Object)
GameDebug:LogError(String, String) (at Assets/Standard Assets/GameFramework/Helper/GameDebug.cs:142)
AssetPipeline.AssetManager:LoadAssetFromProject(String, Type) (at Assets/Standard Assets/GameFramework/AssetPipeline/AssetManager.cs:459)
AssetPipeline.AssetManager:LoadAsset(String, Type) (at Assets/Standard Assets/GameFramework/AssetPipeline/AssetManager.cs:445)
ResourceManager:Load(String) (at Assets/Scripts/Resource/ResourceManager.cs:69)
ResourceManagerWrap:Load(IntPtr) (at Assets/Scripts/Resource/ResourceManagerWrap.cs:66)
LuaInterface.LuaDLL:lua_pcall(IntPtr, Int32, Int32, Int32)
LuaInterface.LuaStatePtr:LuaPCall(Int32, Int32, Int32) (at Assets/Standard Assets/ToLua/Core/LuaStatePtr.cs:311)
LuaInterface.LuaState:PCall(Int32, Int32) (at Assets/Standard Assets/ToLua/Core/LuaState.cs:649)
LuaInterface.LuaFunction:PCall() (at Assets/Standard Assets/ToLua/Core/LuaFunction.cs:96)
<LoadAsync>c__AnonStorey0:<>m__0(Object) (at Assets/Scripts/Resource/ResourceManager.cs:95)
AssetPipeline.AssetHandler:Excute(Object) (at Assets/Standard Assets/GameFramework/AssetPipeline/AssetManager.cs:59)
AssetPipeline.<LoadAssetFromProjectAsync>c__Iterator2:MoveNext() (at Assets/Standard Assets/GameFramework/AssetPipeline/AssetManager.cs:730)
UnityEngine.SetupCoroutine:InvokeMoveNext(IEnumerator, IntPtr)


Load Asset is null, assetPath = Assets/GameRes/Audio/Sound/Model/0

